2025-09-17 11:41:52,108 - INFO - Iniciando execução principal do script Pedidos.py
2025-09-17 11:41:52,108 - INFO - Inicializando PegarGoogle e o driver do Chrome...
2025-09-17 11:41:52,109 - INFO - Configurando opções do Chrome
2025-09-17 11:41:52,109 - INFO - Iniciando Chrome
2025-09-17 11:41:57,542 - INFO - Configurando WebDriverWait com timeout de 120 segundos
2025-09-17 11:41:57,659 - INFO - Setup do Selenium concluído
2025-09-17 11:42:05,623 - INFO - Aguardando presença do elemento: //*[@id="input-19"]
2025-09-17 11:42:05,639 - INFO - Elemento localizado com sucesso: //*[@id="input-19"]
2025-09-17 11:42:07,774 - INFO - Aguardando presença do elemento: //*[@id="input-20"]
2025-09-17 11:42:07,786 - INFO - Elemento localizado com sucesso: //*[@id="input-20"]
2025-09-17 11:42:09,988 - INFO - Tentando clicar no elemento: //*[@id="app"]/div[1]/section[2]/div/form/button
2025-09-17 11:42:10,177 - INFO - Clique bem-sucedido no elemento: //*[@id="app"]/div[1]/section[2]/div/form/button
2025-09-17 11:42:20,187 - INFO - Chamando método pegarItensVendas()
2025-09-17 11:42:20,187 - INFO - Iniciando processo de busca e exportação de pedidos
2025-09-17 11:42:20,187 - INFO - Navegando para o menu de pedidos
2025-09-17 11:42:20,188 - INFO - Tentando clicar no elemento: //*[@id="sidemenu-item-6"]/div
2025-09-17 11:42:20,230 - INFO - Clique bem-sucedido no elemento: //*[@id="sidemenu-item-6"]/div
2025-09-17 11:42:20,230 - INFO - Expandindo submenu
2025-09-17 11:42:20,230 - INFO - Tentando clicar no elemento: //*[@id="sidemenu-item-603"]
2025-09-17 11:42:20,813 - INFO - Clique bem-sucedido no elemento: //*[@id="sidemenu-item-603"]
2025-09-17 11:42:20,814 - INFO - Acessando consulta de pedidos
2025-09-17 11:42:20,814 - INFO - Tentando clicar no elemento: //*[@id="sidemenu-item-155"]
2025-09-17 11:42:21,392 - INFO - Clique bem-sucedido no elemento: //*[@id="sidemenu-item-155"]
2025-09-17 11:42:24,393 - INFO - Voltando para o conteúdo principal
2025-09-17 11:42:29,521 - INFO - Encontrados 2 iframes
2025-09-17 11:42:29,522 - INFO - Tentando iframe 0
2025-09-17 11:42:29,564 - INFO - Elemento encontrado no iframe 0
2025-09-17 11:42:29,564 - INFO - Aguardando elemento estar disponível para clique
2025-09-17 11:42:29,564 - INFO - Tentando clicar no elemento: //*[@id="formulario"]/div/div/div[2]/div[1]/div/div/div[2]/div/label
2025-09-17 11:42:29,614 - INFO - Clique bem-sucedido no elemento: //*[@id="formulario"]/div/div/div[2]/div[1]/div/div/div[2]/div/label
2025-09-17 11:42:29,615 - INFO - Primeiro clique realizado
2025-09-17 11:42:31,616 - INFO - Aguardando presença do elemento: //*[@id="periodoInicial"]
2025-09-17 11:42:31,626 - INFO - Elemento localizado com sucesso: //*[@id="periodoInicial"]
2025-09-17 11:42:31,690 - INFO - Aguardando presença do elemento: //*[@id="periodoFinal"]
2025-09-17 11:42:31,701 - INFO - Elemento localizado com sucesso: //*[@id="periodoFinal"]
2025-09-17 11:42:31,750 - INFO - Preenchendo datas: Início=16092025, Fim=17092025
2025-09-17 11:42:31,750 - INFO - Aguardando presença do elemento: //*[@id="periodoInicial"]
2025-09-17 11:42:31,759 - INFO - Elemento localizado com sucesso: //*[@id="periodoInicial"]
2025-09-17 11:42:32,966 - INFO - Aguardando presença do elemento: //*[@id="periodoFinal"]
2025-09-17 11:42:32,975 - INFO - Elemento localizado com sucesso: //*[@id="periodoFinal"]
2025-09-17 11:42:34,176 - INFO - Clicando no segundo elemento
2025-09-17 11:42:34,198 - INFO - Tentando clicar no elemento: //*[@id="formulario"]/div/div/div[2]/div[2]/div/div/div[3]/div/label
2025-09-17 11:42:34,345 - INFO - Clique bem-sucedido no elemento: //*[@id="formulario"]/div/div/div[2]/div[2]/div/div/div[3]/div/label
2025-09-17 11:42:36,348 - INFO - Clicando no terceiro elemento
2025-09-17 11:42:36,348 - INFO - Tentando clicar no elemento: //*[@id="formulario"]/div/div/div[2]/div[4]/div/div/div[2]/div/label
2025-09-17 11:42:36,388 - INFO - Clique bem-sucedido no elemento: //*[@id="formulario"]/div/div/div[2]/div[4]/div/div/div[2]/div/label
2025-09-17 11:42:38,389 - INFO - Tentando clicar no elemento: //*[@id="exportar"]
2025-09-17 11:42:38,452 - INFO - Clique bem-sucedido no elemento: //*[@id="exportar"]
