2025-09-19 08:58:31,644 - INFO - Iniciando execução principal do script Pedidos.py
2025-09-19 08:58:31,646 - INFO - Inicializando PegarGoogle e o driver do Chrome...
2025-09-19 08:58:31,646 - INFO - Configurando opções do Chrome
2025-09-19 08:58:31,646 - INFO - Iniciando Chrome
2025-09-19 08:58:36,375 - INFO - Configurando WebDriverWait com timeout de 120 segundos
2025-09-19 08:58:36,570 - INFO - Setup do Selenium concluído
2025-09-19 08:58:44,571 - INFO - Aguardando presença do elemento: //*[@id="input-19"]
2025-09-19 08:58:44,589 - INFO - Elemento localizado com sucesso: //*[@id="input-19"]
2025-09-19 08:58:46,716 - INFO - Aguardando presença do elemento: //*[@id="input-20"]
2025-09-19 08:58:46,797 - INFO - Elemento localizado com sucesso: //*[@id="input-20"]
2025-09-19 08:58:48,916 - INFO - Tentando clicar no elemento: //*[@id="app"]/div[1]/section[2]/div/form/button
2025-09-19 08:58:49,041 - INFO - Clique bem-sucedido no elemento: //*[@id="app"]/div[1]/section[2]/div/form/button
2025-09-19 08:58:59,047 - INFO - Chamando método pegarItensVendas()
2025-09-19 08:58:59,047 - INFO - Iniciando processo de busca e exportação de pedidos
2025-09-19 08:58:59,048 - INFO - Navegando para o menu de pedidos
2025-09-19 08:58:59,048 - INFO - Tentando clicar no elemento: //*[@id="sidemenu-item-6"]/div
2025-09-19 08:58:59,107 - INFO - Clique bem-sucedido no elemento: //*[@id="sidemenu-item-6"]/div
2025-09-19 08:58:59,110 - INFO - Expandindo submenu
2025-09-19 08:58:59,113 - INFO - Tentando clicar no elemento: //*[@id="sidemenu-item-602"]
2025-09-19 08:58:59,693 - INFO - Clique bem-sucedido no elemento: //*[@id="sidemenu-item-602"]
2025-09-19 08:58:59,693 - INFO - Acessando consulta de pedidos
2025-09-19 08:58:59,694 - INFO - Tentando clicar no elemento: //*[@id="sidemenu-item-144"]
2025-09-19 08:59:00,289 - INFO - Clique bem-sucedido no elemento: //*[@id="sidemenu-item-144"]
2025-09-19 08:59:03,290 - INFO - Voltando para o conteúdo principal
2025-09-19 08:59:08,437 - INFO - Encontrados 2 iframes
2025-09-19 08:59:08,437 - INFO - Tentando iframe 0
2025-09-19 08:59:08,496 - INFO - Elemento encontrado no iframe 0
2025-09-19 08:59:08,497 - INFO - Preenchendo datas: 18092025 a 19092025
2025-09-19 08:59:08,498 - INFO - Aguardando presença do elemento: //*[@id="periodoInicial"]
2025-09-19 08:59:08,512 - INFO - Elemento localizado com sucesso: //*[@id="periodoInicial"]
2025-09-19 08:59:08,512 - INFO - Aguardando presença do elemento: //*[@id="periodoFinal"]
2025-09-19 08:59:08,527 - INFO - Elemento localizado com sucesso: //*[@id="periodoFinal"]
2025-09-19 08:59:09,111 - INFO - Preenchendo datas: Início=18092025, Fim=19092025
2025-09-19 08:59:16,314 - INFO - Clicando no segundo elemento
2025-09-19 08:59:16,314 - INFO - Tentando clicar no elemento: //*[@id="formulario"]/div/div/div[2]/div[2]/div/div/div[3]/div/label
