2025-09-19 09:40:12,293 - INFO - Iniciando execução principal do script Pedidos.py
2025-09-19 09:40:12,294 - INFO - Inicializando PegarGoogle e o driver do Chrome...
2025-09-19 09:40:12,295 - INFO - Configurando opções do Chrome
2025-09-19 09:40:12,295 - INFO - Iniciando Chrome
2025-09-19 09:40:16,587 - INFO - Configurando WebDriverWait com timeout de 120 segundos
2025-09-19 09:40:16,680 - INFO - Setup do Selenium concluído
2025-09-19 09:40:24,002 - INFO - Aguardando presença do elemento: //*[@id="input-19"]
2025-09-19 09:40:24,018 - INFO - Elemento localizado com sucesso: //*[@id="input-19"]
2025-09-19 09:40:26,156 - INFO - Aguardando presença do elemento: //*[@id="input-20"]
2025-09-19 09:40:26,182 - INFO - Elemento localizado com sucesso: //*[@id="input-20"]
2025-09-19 09:40:28,283 - INFO - Tentando clicar no elemento: //*[@id="app"]/div[1]/section[2]/div/form/button
2025-09-19 09:40:28,716 - INFO - Clique bem-sucedido no elemento: //*[@id="app"]/div[1]/section[2]/div/form/button
2025-09-19 09:40:38,741 - INFO - Chamando método pegarItensVendas()
2025-09-19 09:40:38,742 - INFO - Iniciando processo de busca e exportação de pedidos
2025-09-19 09:40:38,742 - INFO - Navegando para o menu de pedidos
2025-09-19 09:40:38,743 - INFO - Tentando clicar no elemento: //*[@id="sidemenu-item-6"]/div
2025-09-19 09:40:38,814 - INFO - Clique bem-sucedido no elemento: //*[@id="sidemenu-item-6"]/div
2025-09-19 09:40:38,815 - INFO - Expandindo submenu
2025-09-19 09:40:38,816 - INFO - Tentando clicar no elemento: //*[@id="sidemenu-item-602"]
2025-09-19 09:40:39,415 - INFO - Clique bem-sucedido no elemento: //*[@id="sidemenu-item-602"]
2025-09-19 09:40:39,416 - INFO - Acessando consulta de pedidos
2025-09-19 09:40:39,416 - INFO - Tentando clicar no elemento: //*[@id="sidemenu-item-144"]
2025-09-19 09:40:39,997 - INFO - Clique bem-sucedido no elemento: //*[@id="sidemenu-item-144"]
2025-09-19 09:40:43,005 - INFO - Voltando para o conteúdo principal
2025-09-19 09:40:48,236 - INFO - Encontrados 2 iframes
2025-09-19 09:40:48,237 - INFO - Tentando iframe 0
2025-09-19 09:40:48,292 - INFO - Elemento encontrado no iframe 0
2025-09-19 09:40:48,293 - INFO - Preenchendo datas: 18092025 a 19092025
2025-09-19 09:40:48,293 - INFO - Aguardando presença do elemento: //*[@id="periodoInicial"]
2025-09-19 09:40:48,308 - INFO - Elemento localizado com sucesso: //*[@id="periodoInicial"]
2025-09-19 09:40:48,308 - INFO - Aguardando presença do elemento: //*[@id="periodoFinal"]
2025-09-19 09:40:48,322 - INFO - Elemento localizado com sucesso: //*[@id="periodoFinal"]
2025-09-19 09:40:48,894 - INFO - Preenchendo datas: Início=18092025, Fim=19092025
2025-09-19 09:40:53,206 - INFO - Tentando clicar no elemento: //*[@id="select2-quebra-container"]
2025-09-19 09:40:53,253 - INFO - Clique bem-sucedido no elemento: //*[@id="select2-quebra-container"]
2025-09-19 09:40:56,623 - INFO - Clicando no segundo elemento
2025-09-19 09:40:56,623 - INFO - Tentando clicar no elemento: //*[@id="formulario"]/div/div/div[2]/div[2]/div/div/div[3]/div/label
2025-09-19 09:42:56,828 - WARNING - Tentativa 1 falhou, tentando novamente em 1 segundo... Erro: Message: 
Stacktrace:
	GetHandleVerifier [0x0x7ff660d7fc95+79861]
	GetHandleVerifier [0x0x7ff660d7fc
2025-09-19 09:44:58,042 - WARNING - Tentativa 2 falhou, tentando novamente em 1 segundo... Erro: Message: 
Stacktrace:
	GetHandleVerifier [0x0x7ff660d7fc95+79861]
	GetHandleVerifier [0x0x7ff660d7fc
2025-09-19 09:46:59,230 - ERROR - Erro ao clicar no elemento //*[@id="formulario"]/div/div/div[2]/div[2]/div/div/div[3]/div/label: Message: 
Stacktrace:
	GetHandleVerifier [0x0x7ff660d7fc95+79861]
	GetHandleVerifier [0x0x7ff660d7fcf0+79952]
	(No symbol) [0x0x7ff660afcada]
	(No symbol) [0x0x7ff660b54457]
	(No symbol) [0x0x7ff660b5471c]
	(No symbol) [0x0x7ff660ba8217]
	(No symbol) [0x0x7ff660b7cb1f]
	(No symbol) [0x0x7ff660ba4f8b]
	(No symbol) [0x0x7ff660b7c8b3]
	(No symbol) [0x0x7ff660b45272]
	(No symbol) [0x0x7ff660b46043]
	GetHandleVerifier [0x0x7ff66103b9cd+2946349]
	GetHandleVerifier [0x0x7ff661035c4a+2922410]
	GetHandleVerifier [0x0x7ff6610559d7+3052855]
	GetHandleVerifier [0x0x7ff660d9aa7e+189918]
	GetHandleVerifier [0x0x7ff660da2a1f+222591]
	GetHandleVerifier [0x0x7ff660d88ab4+116244]
	GetHandleVerifier [0x0x7ff660d88c69+116681]
	GetHandleVerifier [0x0x7ff660d6f048+11176]
	BaseThreadInitThunk [0x0x7ffe2158e8d7+23]
	RtlUserThreadStart [0x0x7ffe22c68d9c+44]

2025-09-19 09:46:59,230 - ERROR - Erro ao pegar pedidos: Message: 
Stacktrace:
	GetHandleVerifier [0x0x7ff660d7fc95+79861]
	GetHandleVerifier [0x0x7ff660d7fcf0+79952]
	(No symbol) [0x0x7ff660afcada]
	(No symbol) [0x0x7ff660b54457]
	(No symbol) [0x0x7ff660b5471c]
	(No symbol) [0x0x7ff660ba8217]
	(No symbol) [0x0x7ff660b7cb1f]
	(No symbol) [0x0x7ff660ba4f8b]
	(No symbol) [0x0x7ff660b7c8b3]
	(No symbol) [0x0x7ff660b45272]
	(No symbol) [0x0x7ff660b46043]
	GetHandleVerifier [0x0x7ff66103b9cd+2946349]
	GetHandleVerifier [0x0x7ff661035c4a+2922410]
	GetHandleVerifier [0x0x7ff6610559d7+3052855]
	GetHandleVerifier [0x0x7ff660d9aa7e+189918]
	GetHandleVerifier [0x0x7ff660da2a1f+222591]
	GetHandleVerifier [0x0x7ff660d88ab4+116244]
	GetHandleVerifier [0x0x7ff660d88c69+116681]
	GetHandleVerifier [0x0x7ff660d6f048+11176]
	BaseThreadInitThunk [0x0x7ffe2158e8d7+23]
	RtlUserThreadStart [0x0x7ffe22c68d9c+44]
Traceback (most recent call last):
  File "C:\Users\Grupo Garbo\OneDrive\Área de Trabalho\Banco\src\loja\abc_vendas.py", line 698, in pegarABCVendas
    self._esperar_e_clicar(By.XPATH, r'//*[@id="formulario"]/div/div/div[2]/div[2]/div/div/div[3]/div/label')
  File "C:\Users\Grupo Garbo\OneDrive\Área de Trabalho\Banco\src\loja\abc_vendas.py", line 459, in _esperar_e_clicar
    elemento = self.wait.until(
               ^^^^^^^^^^^^^^^^
  File "C:\Users\Grupo Garbo\OneDrive\Área de Trabalho\Banco\venv\Lib\site-packages\selenium\webdriver\support\wait.py", line 105, in until
    raise TimeoutException(message, screen, stacktrace)
selenium.common.exceptions.TimeoutException: Message: 
Stacktrace:
	GetHandleVerifier [0x0x7ff660d7fc95+79861]
	GetHandleVerifier [0x0x7ff660d7fcf0+79952]
	(No symbol) [0x0x7ff660afcada]
	(No symbol) [0x0x7ff660b54457]
	(No symbol) [0x0x7ff660b5471c]
	(No symbol) [0x0x7ff660ba8217]
	(No symbol) [0x0x7ff660b7cb1f]
	(No symbol) [0x0x7ff660ba4f8b]
	(No symbol) [0x0x7ff660b7c8b3]
	(No symbol) [0x0x7ff660b45272]
	(No symbol) [0x0x7ff660b46043]
	GetHandleVerifier [0x0x7ff66103b9cd+2946349]
	GetHandleVerifier [0x0x7ff661035c4a+2922410]
	GetHandleVerifier [0x0x7ff6610559d7+3052855]
	GetHandleVerifier [0x0x7ff660d9aa7e+189918]
	GetHandleVerifier [0x0x7ff660da2a1f+222591]
	GetHandleVerifier [0x0x7ff660d88ab4+116244]
	GetHandleVerifier [0x0x7ff660d88c69+116681]
	GetHandleVerifier [0x0x7ff660d6f048+11176]
	BaseThreadInitThunk [0x0x7ffe2158e8d7+23]
	RtlUserThreadStart [0x0x7ffe22c68d9c+44]

