2025-09-19 08:55:57,513 - INFO - Iniciando execução principal do script Pedidos.py
2025-09-19 08:55:57,513 - INFO - Inicializando PegarGoogle e o driver do Chrome...
2025-09-19 08:55:57,514 - INFO - Configurando opções do Chrome
2025-09-19 08:55:57,514 - INFO - Iniciando Chrome
2025-09-19 08:56:01,389 - INFO - Configurando WebDriverWait com timeout de 120 segundos
2025-09-19 08:56:01,455 - INFO - Setup do Selenium concluído
2025-09-19 08:56:07,999 - INFO - Aguardando presença do elemento: //*[@id="input-19"]
2025-09-19 08:56:08,014 - INFO - Elemento localizado com sucesso: //*[@id="input-19"]
2025-09-19 08:56:10,134 - INFO - Aguardando presença do elemento: //*[@id="input-20"]
2025-09-19 08:56:10,165 - INFO - Elemento localizado com sucesso: //*[@id="input-20"]
2025-09-19 08:56:12,273 - INFO - Tentando clicar no elemento: //*[@id="app"]/div[1]/section[2]/div/form/button
2025-09-19 08:56:12,338 - INFO - Clique bem-sucedido no elemento: //*[@id="app"]/div[1]/section[2]/div/form/button
2025-09-19 08:56:22,356 - INFO - Chamando método pegarItensVendas()
2025-09-19 08:56:22,356 - INFO - Iniciando processo de busca e exportação de pedidos
2025-09-19 08:56:22,356 - INFO - Navegando para o menu de pedidos
2025-09-19 08:56:22,356 - INFO - Tentando clicar no elemento: //*[@id="sidemenu-item-6"]/div
2025-09-19 08:56:22,403 - INFO - Clique bem-sucedido no elemento: //*[@id="sidemenu-item-6"]/div
2025-09-19 08:56:22,405 - INFO - Expandindo submenu
2025-09-19 08:56:22,405 - INFO - Tentando clicar no elemento: //*[@id="sidemenu-item-602"]
2025-09-19 08:56:23,009 - INFO - Clique bem-sucedido no elemento: //*[@id="sidemenu-item-602"]
2025-09-19 08:56:23,010 - INFO - Acessando consulta de pedidos
2025-09-19 08:56:23,010 - INFO - Tentando clicar no elemento: //*[@id="sidemenu-item-144"]
2025-09-19 08:56:23,597 - INFO - Clique bem-sucedido no elemento: //*[@id="sidemenu-item-144"]
2025-09-19 08:56:26,601 - INFO - Voltando para o conteúdo principal
2025-09-19 08:56:31,774 - INFO - Encontrados 3 iframes
2025-09-19 08:56:31,776 - INFO - Tentando iframe 0
2025-09-19 08:56:31,874 - INFO - Elemento encontrado no iframe 0
2025-09-19 08:56:31,874 - INFO - Preenchendo datas: 18092025 a 19092025
2025-09-19 08:56:31,875 - INFO - Aguardando presença do elemento: //*[@id="periodoInicial"]
2025-09-19 08:56:31,903 - INFO - Elemento localizado com sucesso: //*[@id="periodoInicial"]
2025-09-19 08:56:31,905 - INFO - Aguardando presença do elemento: //*[@id="periodoFinal"]
2025-09-19 08:56:31,918 - INFO - Elemento localizado com sucesso: //*[@id="periodoFinal"]
2025-09-19 08:56:32,511 - INFO - Preenchendo datas: Início=18092025, Fim=19092025
2025-09-19 08:56:40,019 - INFO - Clicando no segundo elemento
2025-09-19 08:56:40,020 - INFO - Tentando clicar no elemento: //*[@id="formulario"]/div/div/div[2]/div[2]/div/div/div[3]/div/label
