2025-09-19 09:37:58,822 - INFO - Iniciando execução principal do script Pedidos.py
2025-09-19 09:37:58,822 - INFO - Inicializando PegarGoogle e o driver do Chrome...
2025-09-19 09:37:58,823 - INFO - Configurando opções do Chrome
2025-09-19 09:37:58,823 - INFO - Iniciando Chrome
2025-09-19 09:38:01,670 - INFO - Configurando WebDriverWait com timeout de 120 segundos
2025-09-19 09:38:01,822 - INFO - Setup do Selenium concluído
2025-09-19 09:38:08,725 - INFO - Aguardando presença do elemento: //*[@id="input-19"]
2025-09-19 09:38:08,739 - INFO - Elemento localizado com sucesso: //*[@id="input-19"]
2025-09-19 09:38:10,851 - INFO - Aguardando presença do elemento: //*[@id="input-20"]
2025-09-19 09:38:10,867 - INFO - Elemento localizado com sucesso: //*[@id="input-20"]
2025-09-19 09:38:12,954 - INFO - Tentando clicar no elemento: //*[@id="app"]/div[1]/section[2]/div/form/button
2025-09-19 09:38:13,251 - INFO - Clique bem-sucedido no elemento: //*[@id="app"]/div[1]/section[2]/div/form/button
2025-09-19 09:38:23,260 - INFO - Chamando método pegarItensVendas()
2025-09-19 09:38:23,260 - INFO - Iniciando processo de busca e exportação de pedidos
2025-09-19 09:38:23,260 - INFO - Navegando para o menu de pedidos
2025-09-19 09:38:23,261 - INFO - Tentando clicar no elemento: //*[@id="sidemenu-item-6"]/div
2025-09-19 09:38:23,315 - INFO - Clique bem-sucedido no elemento: //*[@id="sidemenu-item-6"]/div
2025-09-19 09:38:23,316 - INFO - Expandindo submenu
2025-09-19 09:38:23,316 - INFO - Tentando clicar no elemento: //*[@id="sidemenu-item-602"]
2025-09-19 09:38:23,912 - INFO - Clique bem-sucedido no elemento: //*[@id="sidemenu-item-602"]
2025-09-19 09:38:23,913 - INFO - Acessando consulta de pedidos
2025-09-19 09:38:23,913 - INFO - Tentando clicar no elemento: //*[@id="sidemenu-item-144"]
2025-09-19 09:38:24,530 - INFO - Clique bem-sucedido no elemento: //*[@id="sidemenu-item-144"]
2025-09-19 09:38:27,531 - INFO - Voltando para o conteúdo principal
2025-09-19 09:38:32,709 - INFO - Encontrados 3 iframes
2025-09-19 09:38:32,709 - INFO - Tentando iframe 0
2025-09-19 09:38:32,762 - INFO - Elemento encontrado no iframe 0
2025-09-19 09:38:32,762 - INFO - Preenchendo datas: 18092025 a 19092025
2025-09-19 09:38:32,763 - INFO - Aguardando presença do elemento: //*[@id="periodoInicial"]
2025-09-19 09:38:32,777 - INFO - Elemento localizado com sucesso: //*[@id="periodoInicial"]
2025-09-19 09:38:32,778 - INFO - Aguardando presença do elemento: //*[@id="periodoFinal"]
2025-09-19 09:38:32,791 - INFO - Elemento localizado com sucesso: //*[@id="periodoFinal"]
2025-09-19 09:38:33,373 - INFO - Preenchendo datas: Início=18092025, Fim=19092025
2025-09-19 09:38:40,671 - INFO - Clicando no segundo elemento
2025-09-19 09:38:40,671 - INFO - Tentando clicar no elemento: //*[@id="formulario"]/div/div/div[2]/div[2]/div/div/div[3]/div/label
