2025-09-19 08:50:38,442 - INFO - Iniciando execução principal do script Pedidos.py
2025-09-19 08:50:38,442 - INFO - Inicializando PegarGoogle e o driver do Chrome...
2025-09-19 08:50:38,442 - INFO - Configurando opções do Chrome
2025-09-19 08:50:38,442 - INFO - Iniciando Chrome
2025-09-19 08:50:41,627 - INFO - Configurando WebDriverWait com timeout de 120 segundos
2025-09-19 08:50:41,755 - INFO - Setup do Selenium concluído
2025-09-19 08:50:49,925 - INFO - Aguardando presença do elemento: //*[@id="input-19"]
2025-09-19 08:50:49,942 - INFO - Elemento localizado com sucesso: //*[@id="input-19"]
2025-09-19 08:50:52,096 - INFO - Aguardando presença do elemento: //*[@id="input-20"]
2025-09-19 08:50:52,395 - INFO - Elemento localizado com sucesso: //*[@id="input-20"]
2025-09-19 08:50:54,956 - INFO - Tentando clicar no elemento: //*[@id="app"]/div[1]/section[2]/div/form/button
2025-09-19 08:50:55,289 - INFO - Clique bem-sucedido no elemento: //*[@id="app"]/div[1]/section[2]/div/form/button
2025-09-19 08:51:05,293 - INFO - Chamando método pegarItensVendas()
2025-09-19 08:51:05,295 - INFO - Iniciando processo de busca e exportação de pedidos
2025-09-19 08:51:05,297 - INFO - Navegando para o menu de pedidos
2025-09-19 08:51:05,298 - INFO - Tentando clicar no elemento: //*[@id="sidemenu-item-6"]/div
2025-09-19 08:51:05,352 - INFO - Clique bem-sucedido no elemento: //*[@id="sidemenu-item-6"]/div
2025-09-19 08:51:05,352 - INFO - Expandindo submenu
2025-09-19 08:51:05,352 - INFO - Tentando clicar no elemento: //*[@id="sidemenu-item-602"]
2025-09-19 08:51:05,932 - INFO - Clique bem-sucedido no elemento: //*[@id="sidemenu-item-602"]
2025-09-19 08:51:05,932 - INFO - Acessando consulta de pedidos
2025-09-19 08:51:05,932 - INFO - Tentando clicar no elemento: //*[@id="sidemenu-item-144"]
2025-09-19 08:51:06,520 - INFO - Clique bem-sucedido no elemento: //*[@id="sidemenu-item-144"]
2025-09-19 08:51:09,529 - INFO - Voltando para o conteúdo principal
2025-09-19 08:51:14,680 - INFO - Encontrados 3 iframes
2025-09-19 08:51:14,680 - INFO - Tentando iframe 0
2025-09-19 08:51:14,729 - INFO - Elemento encontrado no iframe 0
2025-09-19 08:51:14,730 - INFO - Preenchendo datas: 18092025 a 19092025
2025-09-19 08:51:14,730 - INFO - Aguardando presença do elemento: //*[@id="periodoInicial"]
2025-09-19 08:51:14,744 - INFO - Elemento localizado com sucesso: //*[@id="periodoInicial"]
2025-09-19 08:51:14,744 - INFO - Aguardando presença do elemento: //*[@id="periodoFinal"]
2025-09-19 08:51:14,756 - INFO - Elemento localizado com sucesso: //*[@id="periodoFinal"]
2025-09-19 08:51:21,013 - INFO - Preenchendo datas: Início=18092025, Fim=19092025
2025-09-19 08:51:21,028 - INFO - Processando dropdown Select2
2025-09-19 08:51:21,029 - INFO - Tentando clicar no elemento: //*[@id="select2-quebra-container"]
2025-09-19 08:51:21,217 - INFO - Clique bem-sucedido no elemento: //*[@id="select2-quebra-container"]
2025-09-19 08:51:26,399 - INFO - Opção 'Data' selecionada com sucesso
