2025-09-17 11:57:24,195 - INFO - Iniciando execução principal do script Pedidos.py
2025-09-17 11:57:24,195 - INFO - Inicializando PegarGoogle e o driver do Chrome...
2025-09-17 11:57:24,196 - INFO - Configurando opções do Chrome
2025-09-17 11:57:24,196 - INFO - Iniciando Chrome
2025-09-17 11:57:31,824 - INFO - Configurando WebDriverWait com timeout de 120 segundos
2025-09-17 11:57:32,296 - INFO - Setup do Selenium concluído
2025-09-17 11:57:47,080 - INFO - Aguardando presença do elemento: //*[@id="input-19"]
2025-09-17 11:57:47,103 - INFO - Elemento localizado com sucesso: //*[@id="input-19"]
2025-09-17 11:57:49,337 - INFO - Aguardando presença do elemento: //*[@id="input-20"]
2025-09-17 11:57:49,589 - INFO - Elemento localizado com sucesso: //*[@id="input-20"]
2025-09-17 11:57:52,151 - INFO - Tentando clicar no elemento: //*[@id="app"]/div[1]/section[2]/div/form/button
2025-09-17 11:57:52,234 - INFO - Clique bem-sucedido no elemento: //*[@id="app"]/div[1]/section[2]/div/form/button
2025-09-17 11:58:02,236 - INFO - Chamando método pegarItensVendas()
2025-09-17 11:58:02,236 - INFO - Iniciando processo de busca e exportação de pedidos
2025-09-17 11:58:02,237 - INFO - Navegando para o menu de pedidos
2025-09-17 11:58:02,237 - INFO - Tentando clicar no elemento: //*[@id="sidemenu-item-6"]/div
2025-09-17 11:58:02,283 - INFO - Clique bem-sucedido no elemento: //*[@id="sidemenu-item-6"]/div
2025-09-17 11:58:02,285 - INFO - Expandindo submenu
2025-09-17 11:58:02,285 - INFO - Tentando clicar no elemento: //*[@id="sidemenu-item-603"]
2025-09-17 11:58:02,846 - INFO - Clique bem-sucedido no elemento: //*[@id="sidemenu-item-603"]
2025-09-17 11:58:02,847 - INFO - Acessando consulta de pedidos
2025-09-17 11:58:02,847 - INFO - Tentando clicar no elemento: //*[@id="sidemenu-item-155"]
2025-09-17 11:58:03,441 - INFO - Clique bem-sucedido no elemento: //*[@id="sidemenu-item-155"]
2025-09-17 11:58:06,442 - INFO - Voltando para o conteúdo principal
2025-09-17 11:58:11,605 - INFO - Encontrados 3 iframes
2025-09-17 11:58:11,606 - INFO - Tentando iframe 0
2025-09-17 11:58:11,658 - INFO - Elemento encontrado no iframe 0
2025-09-17 11:58:11,658 - INFO - Aguardando elemento estar disponível para clique
2025-09-17 11:58:11,658 - INFO - Tentando clicar no elemento: //*[@id="formulario"]/div/div/div[2]/div[1]/div/div/div[2]/div/label
2025-09-17 11:58:11,718 - INFO - Clique bem-sucedido no elemento: //*[@id="formulario"]/div/div/div[2]/div[1]/div/div/div[2]/div/label
2025-09-17 11:58:11,726 - INFO - Primeiro clique realizado
2025-09-17 11:58:13,728 - INFO - Preenchendo datas: 16/09/2025 a 17/09/2025
2025-09-17 11:58:13,728 - INFO - Aguardando presença do elemento: //*[@id="periodoInicial"]
2025-09-17 11:58:13,740 - INFO - Elemento localizado com sucesso: //*[@id="periodoInicial"]
2025-09-17 11:58:13,740 - INFO - Aguardando presença do elemento: //*[@id="periodoFinal"]
2025-09-17 11:58:13,755 - INFO - Elemento localizado com sucesso: //*[@id="periodoFinal"]
2025-09-17 11:58:17,665 - INFO - Preenchendo datas: Início=16/09/2025, Fim=17/09/2025
2025-09-17 11:58:17,665 - INFO - Clicando no segundo elemento
2025-09-17 11:58:17,665 - INFO - Tentando clicar no elemento: //*[@id="formulario"]/div/div/div[2]/div[2]/div/div/div[3]/div/label
2025-09-17 11:58:17,707 - INFO - Clique bem-sucedido no elemento: //*[@id="formulario"]/div/div/div[2]/div[2]/div/div/div[3]/div/label
2025-09-17 11:58:19,708 - INFO - Clicando no terceiro elemento
2025-09-17 11:58:19,709 - INFO - Tentando clicar no elemento: //*[@id="formulario"]/div/div/div[2]/div[4]/div/div/div[2]/div/label
2025-09-17 11:58:19,758 - INFO - Clique bem-sucedido no elemento: //*[@id="formulario"]/div/div/div[2]/div[4]/div/div/div[2]/div/label
2025-09-17 11:58:21,760 - INFO - Tentando clicar no elemento: //*[@id="exportar"]
2025-09-17 11:58:21,818 - INFO - Clique bem-sucedido no elemento: //*[@id="exportar"]
